TN:
SF:app\components\Dialog.tsx
FN:7,(anonymous_7)
FN:19,(anonymous_8)
FN:23,(anonymous_9)
FN:55,(anonymous_10)
FN:59,(anonymous_11)
FN:63,(anonymous_12)
FN:67,(anonymous_13)
FNF:7
FNH:7
FNDA:12,(anonymous_7)
FNDA:2,(anonymous_8)
FNDA:12,(anonymous_9)
FNDA:3,(anonymous_10)
FNDA:3,(anonymous_11)
FNDA:3,(anonymous_12)
FNDA:3,(anonymous_13)
DA:1,1
DA:2,1
DA:3,1
DA:4,1
DA:5,1
DA:7,1
DA:9,12
DA:10,12
DA:11,12
DA:12,12
DA:13,12
DA:14,12
DA:15,12
DA:17,12
DA:19,12
DA:20,2
DA:23,12
DA:24,12
DA:25,4
DA:26,4
DA:27,8
DA:28,4
DA:29,4
DA:30,4
DA:31,4
DA:32,4
DA:36,12
DA:55,3
DA:59,3
DA:63,3
DA:67,3
DA:73,1
LF:32
LH:32
BRDA:24,0,0,4
BRDA:24,0,1,8
BRDA:27,1,0,4
BRDA:27,1,1,4
BRDA:30,2,0,4
BRF:5
BRH:5
end_of_record
TN:
SF:app\components\ProgressBar.tsx
FN:8,(anonymous_6)
FNF:1
FNH:1
FNDA:40,(anonymous_6)
DA:1,2
DA:8,40
DA:9,40
DA:10,40
DA:11,40
DA:12,40
DA:13,39
DA:15,1
DA:17,40
DA:18,40
DA:48,2
LF:11
LH:11
BRDA:12,0,0,39
BRDA:12,0,1,1
BRF:2
BRH:2
end_of_record
TN:
SF:app\store\ProgressBarContext.tsx
FN:16,(anonymous_6)
FN:17,(anonymous_7)
FN:18,(anonymous_8)
FN:21,(anonymous_9)
FNF:4
FNH:1
FNDA:0,(anonymous_6)
FNDA:0,(anonymous_7)
FNDA:0,(anonymous_8)
FNDA:11,(anonymous_9)
DA:1,2
DA:12,2
DA:21,11
DA:22,11
DA:23,11
DA:24,11
DA:26,11
DA:35,11
DA:42,2
LF:9
LH:9
BRF:0
BRH:0
end_of_record
